<?xml version="1.0" encoding="UTF-8"?>
<!-- Generated by org.testng.reporters.JUnitXMLReporter -->
<testsuite ignored="2" hostname="LAPTOP-PL7FQPIV" failures="0" tests="1" name="Surefire test" time="6.696" errors="0" timestamp="2021-04-13T17:39:54 PDT">
  <testcase classname="HeadersTest.HeaderTest" name="verifyHeaderLogo" time="0.128"/>
  <testcase classname="TestBase.TestBase" name="@BeforeTest beforeTest" time="0.0">
    <ignored/>
  </testcase> <!-- @BeforeTest beforeTest -->
  <testcase classname="TestBase.TestBase" name="@AfterTest afterTest" time="0.0">
    <ignored/>
  </testcase> <!-- @AfterTest afterTest -->
</testsuite> <!-- Surefire test -->
