<?xml version="1.0" encoding="UTF-8"?>
<testng-results ignored="2" total="3" passed="1" failed="0" skipped="0">
  <reporter-output>
  </reporter-output>
  <suite started-at="2021-04-13T17:39:47 PDT" name="Surefire suite" finished-at="2021-04-13T17:39:54 PDT" duration-ms="6696">
    <groups>
    </groups>
    <test started-at="2021-04-13T17:39:47 PDT" name="Surefire test" finished-at="2021-04-13T17:39:54 PDT" duration-ms="6696">
      <class name="HeadersTest.HeaderTest">
        <test-method is-config="true" signature="beforeTest()[pri:0, instance:HeadersTest.HeaderTest@43d7741f]" started-at="2021-04-13T17:39:47 PDT" name="beforeTest" finished-at="2021-04-13T17:39:47 PDT" duration-ms="10" status="PASS">
          <reporter-output>
          </reporter-output>
        </test-method> <!-- beforeTest -->
        <test-method is-config="true" signature="beforeMethod()[pri:0, instance:HeadersTest.HeaderTest@43d7741f]" started-at="2021-04-13T17:39:47 PDT" name="beforeMethod" finished-at="2021-04-13T17:39:53 PDT" duration-ms="6129" status="PASS">
          <reporter-output>
          </reporter-output>
        </test-method> <!-- beforeMethod -->
        <test-method signature="verifyHeaderLogo()[pri:0, instance:HeadersTest.HeaderTest@43d7741f]" started-at="2021-04-13T17:39:53 PDT" name="verifyHeaderLogo" finished-at="2021-04-13T17:39:53 PDT" duration-ms="128" status="PASS">
          <reporter-output>
          </reporter-output>
        </test-method> <!-- verifyHeaderLogo -->
        <test-method is-config="true" signature="afterMethod()[pri:0, instance:HeadersTest.HeaderTest@43d7741f]" started-at="2021-04-13T17:39:53 PDT" name="afterMethod" finished-at="2021-04-13T17:39:54 PDT" duration-ms="388" status="PASS">
          <reporter-output>
          </reporter-output>
        </test-method> <!-- afterMethod -->
        <test-method is-config="true" signature="afterTest()[pri:0, instance:HeadersTest.HeaderTest@43d7741f]" started-at="2021-04-13T17:39:54 PDT" name="afterTest" finished-at="2021-04-13T17:39:54 PDT" duration-ms="1" status="PASS">
          <reporter-output>
          </reporter-output>
        </test-method> <!-- afterTest -->
      </class> <!-- HeadersTest.HeaderTest -->
    </test> <!-- Surefire test -->
  </suite> <!-- Surefire suite -->
</testng-results>
